<?xml version="1.0" encoding="UTF-8"?>
<!-- Generated by org.testng.reporters.JUnitXMLReporter -->
<testsuite ignored="2" hostname="DESKTOP-91071EB" failures="0" tests="1" name="Default test" time="26.331" errors="0" timestamp="27 Dec 2022 04:48:27 GMT">
  <testcase classname="com.crm.qa.testcases.EditPageTest" name="scrollSendKeysTest" time="7.799"/>
  <testcase classname="com.crm.qa.testcases.EditPageTest" name="editOtherFieldsTest" time="0.0">
    <ignored/>
  </testcase> <!-- editOtherFieldsTest -->
  <testcase classname="com.crm.qa.testcases.EditPageTest" name="editClickableFields" time="0.0">
    <ignored/>
  </testcase> <!-- editClickableFields -->
</testsuite> <!-- Default test -->
